<?xml version="1.0" encoding="UTF-8"?>
<!-- Generated by org.testng.reporters.JUnitXMLReporter -->
<testsuite ignored="7" hostname="LAPTOP-GLV165CP" failures="0" tests="1" name="Default test" time="11.83" errors="0" timestamp="2025-01-07T19:21:38 GST">
  <testcase classname="MyTestCases" name="WebTableExample" time="0.66"/>
  <testcase classname="MyTestCases" name="SwitchTabExample" time="0.0">
    <ignored/>
  </testcase> <!-- SwitchTabExample -->
  <testcase classname="MyTestCases" name="SwitchToAlertExample" time="0.0">
    <ignored/>
  </testcase> <!-- SwitchToAlertExample -->
  <testcase classname="MyTestCases" name="RadioButtonExample" time="0.0">
    <ignored/>
  </testcase> <!-- RadioButtonExample -->
  <testcase classname="MyTestCases" name="DynamicDropdownExample" time="0.0">
    <ignored/>
  </testcase> <!-- DynamicDropdownExample -->
  <testcase classname="MyTestCases" name="StaticDropdownExample" time="0.0">
    <ignored/>
  </testcase> <!-- StaticDropdownExample -->
  <testcase classname="MyTestCases" name="CheckboxExample" time="0.0">
    <ignored/>
  </testcase> <!-- CheckboxExample -->
  <testcase classname="MyTestCases" name="SwitchWindowExample" time="0.0">
    <ignored/>
  </testcase> <!-- SwitchWindowExample -->
</testsuite> <!-- Default test -->
