<?xml version="1.0" encoding="UTF-8"?>
<testng-results ignored="7" total="8" passed="1" failed="0" skipped="0">
  <reporter-output>
  </reporter-output>
  <suite started-at="2025-01-07T19:21:27 GST" name="Default suite" finished-at="2025-01-07T19:21:38 GST" duration-ms="11830">
    <groups>
    </groups>
    <test started-at="2025-01-07T19:21:27 GST" name="Default test" finished-at="2025-01-07T19:21:38 GST" duration-ms="11830">
      <class name="MyTestCases">
        <test-method is-config="true" signature="mySetUp()[pri:0, instance:MyTestCases@1e8ce150]" started-at="2025-01-07T19:21:27 GST" name="mySetUp" finished-at="2025-01-07T19:21:38 GST" duration-ms="11135" status="PASS">
          <reporter-output>
          </reporter-output>
        </test-method> <!-- mySetUp -->
        <test-method signature="WebTableExample()[pri:8, instance:MyTestCases@1e8ce150]" started-at="2025-01-07T19:21:38 GST" name="WebTableExample" finished-at="2025-01-07T19:21:38 GST" duration-ms="660" status="PASS">
          <reporter-output>
          </reporter-output>
        </test-method> <!-- WebTableExample -->
      </class> <!-- MyTestCases -->
    </test> <!-- Default test -->
  </suite> <!-- Default suite -->
</testng-results>
